15:00:03.538 [main] INFO  TestCases.LoginPageTest - Executing for Login Functionality....
15:00:03.558 [main] INFO  TestCases.LoginPageTest - Creating Object for Login Page.....
15:00:04.735 [main] INFO  TestCases.LoginPageTest - Login with valid Credentials.....
15:00:04.989 [main] INFO  TestCases.LoginPageTest - Click on Login button....
15:00:11.040 [main] INFO  TestCases.RegisterPageTest - Executing for Registration Functionality.....
15:00:11.063 [main] INFO  TestCases.RegisterPageTest - Creating objects for Register Page and Login Page.....
15:00:15.422 [main] INFO  TestCases.RegisterPageTest - Executing for Registration Functionality.....
15:00:15.422 [main] INFO  TestCases.RegisterPageTest - Creating objects for Register Page and Login Page.....
15:00:19.688 [main] INFO  TestCases.RegisterPageTest - Executing for Registration Functionality.....
15:00:19.688 [main] INFO  TestCases.RegisterPageTest - Creating objects for Register Page and Login Page.....
15:00:25.914 [main] INFO  TestCases.SearchPageTest - Executing for Search Functionality........
15:00:25.933 [main] INFO  TestCases.SearchPageTest - Creating object for Search Functionality......
15:00:26.043 [main] INFO  TestCases.SearchPageTest - Searching for :Mobile
15:00:26.386 [main] INFO  TestCases.SearchPageTest - Executing for Search Functionality........
15:00:26.386 [main] INFO  TestCases.SearchPageTest - Creating object for Search Functionality......
15:00:26.474 [main] INFO  TestCases.SearchPageTest - Searching for :Monitor
15:00:29.604 [main] INFO  TestCases.AddToCartPageTest - Executing for Add to Cart Functionality....
15:00:29.628 [main] INFO  TestCases.AddToCartPageTest - Creating Cart Obejct
15:00:32.643 [main] INFO  TestCases.AddToCartPageTest - Adding item1 to Cart
15:00:35.754 [main] INFO  TestCases.AddToCartPageTest - Adding item2 to Cart
15:00:38.863 [main] INFO  TestCases.AddToCartPageTest - Fetching The Total Price of Cart
15:00:38.896 [main] INFO  TestCases.AddToCartPageTest - Comparing Actual and Expected Results
15:00:41.849 [main] INFO  TestCases.CheckoutPageTest - Executing Checkout functionality....
15:00:41.849 [main] INFO  TestCases.CheckoutPageTest - Creating objects of Cart and checkout..
15:00:41.958 [main] INFO  TestCases.CheckoutPageTest - Adding item1 and Item 2 in cart......
15:00:43.170 [main] INFO  TestCases.CheckoutPageTest - Click on checkout button....
15:15:05.071 [TestNG-tests-1] INFO  TestCases.AddToCartPageTest - Executing for Add to Cart Functionality....
15:15:05.075 [TestNG-tests-1] INFO  TestCases.AddToCartPageTest - Creating Cart Obejct
15:15:08.077 [TestNG-tests-1] INFO  TestCases.AddToCartPageTest - Adding item1 to Cart
15:15:11.156 [TestNG-tests-1] INFO  TestCases.AddToCartPageTest - Adding item2 to Cart
15:15:14.219 [TestNG-tests-1] INFO  TestCases.AddToCartPageTest - Fetching The Total Price of Cart
15:15:14.244 [TestNG-tests-1] INFO  TestCases.AddToCartPageTest - Comparing Actual and Expected Results
15:15:24.087 [TestNG-tests-1] INFO  TestCases.CheckoutPageTest - Executing Checkout functionality....
15:15:24.087 [TestNG-tests-1] INFO  TestCases.CheckoutPageTest - Creating objects of Cart and checkout..
15:15:24.165 [TestNG-tests-1] INFO  TestCases.CheckoutPageTest - Adding item1 and Item 2 in cart......
15:15:24.655 [TestNG-tests-1] INFO  TestCases.CheckoutPageTest - Click on checkout button....
21:08:35.580 [TestNG-tests-1] INFO  TestCases.LoginPageTest - Executing for Login Functionality....
21:08:35.599 [TestNG-tests-1] INFO  TestCases.LoginPageTest - Creating Object for Login Page.....
21:08:36.031 [TestNG-tests-1] INFO  TestCases.LoginPageTest - Login with valid Credentials.....
21:08:36.264 [TestNG-tests-1] INFO  TestCases.LoginPageTest - Click on Login button....
21:08:49.438 [TestNG-tests-1] INFO  TestCases.AddToCartPageTest - Executing for Add to Cart Functionality....
21:08:49.472 [TestNG-tests-1] INFO  TestCases.AddToCartPageTest - Creating Cart Obejct
21:08:52.475 [TestNG-tests-1] INFO  TestCases.AddToCartPageTest - Adding item1 to Cart
21:08:55.625 [TestNG-tests-1] INFO  TestCases.AddToCartPageTest - Adding item2 to Cart
21:08:58.741 [TestNG-tests-1] INFO  TestCases.AddToCartPageTest - Fetching The Total Price of Cart
21:08:58.778 [TestNG-tests-1] INFO  TestCases.AddToCartPageTest - Comparing Actual and Expected Results
21:09:02.059 [TestNG-tests-1] INFO  TestCases.CheckoutPageTest - Executing Checkout functionality....
21:09:02.061 [TestNG-tests-1] INFO  TestCases.CheckoutPageTest - Creating objects of Cart and checkout..
21:09:02.179 [TestNG-tests-1] INFO  TestCases.CheckoutPageTest - Adding item1 and Item 2 in cart......
21:09:03.901 [TestNG-tests-1] INFO  TestCases.CheckoutPageTest - Click on checkout button....
21:09:57.806 [TestNG-tests-1] INFO  TestCases.LoginPageTest - Executing for Login Functionality....
21:09:57.809 [TestNG-tests-1] INFO  TestCases.LoginPageTest - Creating Object for Login Page.....
21:09:58.220 [TestNG-tests-1] INFO  TestCases.LoginPageTest - Login with valid Credentials.....
21:09:58.417 [TestNG-tests-1] INFO  TestCases.LoginPageTest - Click on Login button....
21:10:05.234 [TestNG-tests-1] INFO  TestCases.RegisterPageTest - Executing for Registration Functionality.....
21:10:05.258 [TestNG-tests-1] INFO  TestCases.RegisterPageTest - Creating objects for Register Page and Login Page.....
21:10:11.358 [TestNG-tests-1] INFO  TestCases.RegisterPageTest - Executing for Registration Functionality.....
21:10:11.358 [TestNG-tests-1] INFO  TestCases.RegisterPageTest - Creating objects for Register Page and Login Page.....
21:10:16.454 [TestNG-tests-1] INFO  TestCases.RegisterPageTest - Executing for Registration Functionality.....
21:10:16.455 [TestNG-tests-1] INFO  TestCases.RegisterPageTest - Creating objects for Register Page and Login Page.....
21:10:24.817 [TestNG-tests-1] INFO  TestCases.SearchPageTest - Executing for Search Functionality........
21:10:24.833 [TestNG-tests-1] INFO  TestCases.SearchPageTest - Creating object for Search Functionality......
21:10:25.029 [TestNG-tests-1] INFO  TestCases.SearchPageTest - Searching for :Mobile
21:10:25.531 [TestNG-tests-1] INFO  TestCases.SearchPageTest - Executing for Search Functionality........
21:10:25.531 [TestNG-tests-1] INFO  TestCases.SearchPageTest - Creating object for Search Functionality......
21:10:25.627 [TestNG-tests-1] INFO  TestCases.SearchPageTest - Searching for :Monitor
21:10:29.042 [TestNG-tests-1] INFO  TestCases.AddToCartPageTest - Executing for Add to Cart Functionality....
21:10:29.042 [TestNG-tests-1] INFO  TestCases.AddToCartPageTest - Creating Cart Obejct
21:10:32.059 [TestNG-tests-1] INFO  TestCases.AddToCartPageTest - Adding item1 to Cart
21:10:35.163 [TestNG-tests-1] INFO  TestCases.AddToCartPageTest - Adding item2 to Cart
21:10:38.277 [TestNG-tests-1] INFO  TestCases.AddToCartPageTest - Fetching The Total Price of Cart
21:10:38.309 [TestNG-tests-1] INFO  TestCases.AddToCartPageTest - Comparing Actual and Expected Results
21:10:41.289 [TestNG-tests-1] INFO  TestCases.CheckoutPageTest - Executing Checkout functionality....
21:10:41.291 [TestNG-tests-1] INFO  TestCases.CheckoutPageTest - Creating objects of Cart and checkout..
21:10:41.407 [TestNG-tests-1] INFO  TestCases.CheckoutPageTest - Adding item1 and Item 2 in cart......
21:10:42.096 [TestNG-tests-1] INFO  TestCases.CheckoutPageTest - Click on checkout button....
